
Status: FAILED!
Check: 1
Test: This task will always fail.
Reason: This task will always fail.
Error : AssertionError - 
Timestamp: 2025-08-30 21:54:33.213249
